[15-Oct-2018 16:15:30 UTC] PHP Parse error:  syntax error, unexpected '?' in /home/findfunddeliver/Quickcarfinance.co.uk/vendor/symfony/http-foundation/Response.php on line 501
[15-Oct-2018 16:15:30 UTC] PHP Fatal error:  Exception thrown without a stack frame in Unknown on line 0
[15-Oct-2018 16:15:30 UTC] PHP Parse error:  syntax error, unexpected '?' in /home/findfunddeliver/Quickcarfinance.co.uk/vendor/symfony/http-foundation/Response.php on line 501
[15-Oct-2018 16:15:30 UTC] PHP Fatal error:  Exception thrown without a stack frame in Unknown on line 0
[15-Oct-2018 16:15:34 UTC] PHP Parse error:  syntax error, unexpected '?' in /home/findfunddeliver/Quickcarfinance.co.uk/vendor/symfony/http-foundation/Response.php on line 501
[15-Oct-2018 16:15:34 UTC] PHP Fatal error:  Exception thrown without a stack frame in Unknown on line 0
[15-Oct-2018 16:15:34 UTC] PHP Parse error:  syntax error, unexpected '?' in /home/findfunddeliver/Quickcarfinance.co.uk/vendor/symfony/http-foundation/Response.php on line 501
[15-Oct-2018 16:15:34 UTC] PHP Fatal error:  Exception thrown without a stack frame in Unknown on line 0
[15-Oct-2018 16:15:46 UTC] PHP Parse error:  syntax error, unexpected '?' in /home/findfunddeliver/Quickcarfinance.co.uk/vendor/symfony/http-foundation/Response.php on line 501
[15-Oct-2018 16:15:46 UTC] PHP Fatal error:  Exception thrown without a stack frame in Unknown on line 0
[15-Oct-2018 16:15:46 UTC] PHP Parse error:  syntax error, unexpected '?' in /home/findfunddeliver/Quickcarfinance.co.uk/vendor/symfony/http-foundation/Response.php on line 501
[15-Oct-2018 16:15:46 UTC] PHP Fatal error:  Exception thrown without a stack frame in Unknown on line 0
[15-Oct-2018 16:16:11 UTC] PHP Parse error:  syntax error, unexpected '?' in /home/findfunddeliver/Quickcarfinance.co.uk/vendor/symfony/http-foundation/Response.php on line 501
[15-Oct-2018 16:16:11 UTC] PHP Fatal error:  Exception thrown without a stack frame in Unknown on line 0
[15-Oct-2018 16:16:11 UTC] PHP Parse error:  syntax error, unexpected '?' in /home/findfunddeliver/Quickcarfinance.co.uk/vendor/symfony/http-foundation/Response.php on line 501
[15-Oct-2018 16:16:11 UTC] PHP Fatal error:  Exception thrown without a stack frame in Unknown on line 0
[15-Oct-2018 16:16:27 UTC] PHP Parse error:  syntax error, unexpected '?' in /home/findfunddeliver/Quickcarfinance.co.uk/vendor/symfony/http-foundation/Response.php on line 501
[15-Oct-2018 16:16:27 UTC] PHP Fatal error:  Exception thrown without a stack frame in Unknown on line 0
[15-Oct-2018 16:16:27 UTC] PHP Parse error:  syntax error, unexpected '?' in /home/findfunddeliver/Quickcarfinance.co.uk/vendor/symfony/http-foundation/Response.php on line 501
[15-Oct-2018 16:16:27 UTC] PHP Fatal error:  Exception thrown without a stack frame in Unknown on line 0
[15-Oct-2018 16:20:35 UTC] PHP Parse error:  syntax error, unexpected '?' in /home/findfunddeliver/Quickcarfinance.co.uk/vendor/symfony/http-foundation/Response.php on line 501
[15-Oct-2018 16:20:35 UTC] PHP Fatal error:  Exception thrown without a stack frame in Unknown on line 0
[15-Oct-2018 16:20:35 UTC] PHP Parse error:  syntax error, unexpected '?' in /home/findfunddeliver/Quickcarfinance.co.uk/vendor/symfony/http-foundation/Response.php on line 501
[15-Oct-2018 16:20:35 UTC] PHP Fatal error:  Exception thrown without a stack frame in Unknown on line 0
[15-Oct-2018 16:21:14 UTC] PHP Parse error:  syntax error, unexpected '?' in /home/findfunddeliver/Quickcarfinance.co.uk/vendor/symfony/http-foundation/Response.php on line 501
[15-Oct-2018 16:21:14 UTC] PHP Fatal error:  Exception thrown without a stack frame in Unknown on line 0
[15-Oct-2018 16:21:14 UTC] PHP Parse error:  syntax error, unexpected '?' in /home/findfunddeliver/Quickcarfinance.co.uk/vendor/symfony/http-foundation/Response.php on line 501
[15-Oct-2018 16:21:14 UTC] PHP Fatal error:  Exception thrown without a stack frame in Unknown on line 0
[15-Oct-2018 16:22:24 UTC] PHP Parse error:  syntax error, unexpected '?' in /home/findfunddeliver/Quickcarfinance.co.uk/vendor/symfony/http-foundation/Response.php on line 501
[15-Oct-2018 16:22:24 UTC] PHP Fatal error:  Exception thrown without a stack frame in Unknown on line 0
[15-Oct-2018 16:22:24 UTC] PHP Parse error:  syntax error, unexpected '?' in /home/findfunddeliver/Quickcarfinance.co.uk/vendor/symfony/http-foundation/Response.php on line 501
[15-Oct-2018 16:22:24 UTC] PHP Fatal error:  Exception thrown without a stack frame in Unknown on line 0
[15-Oct-2018 16:22:42 UTC] PHP Parse error:  syntax error, unexpected '?' in /home/findfunddeliver/Quickcarfinance.co.uk/vendor/symfony/http-foundation/Response.php on line 501
[15-Oct-2018 16:22:42 UTC] PHP Fatal error:  Exception thrown without a stack frame in Unknown on line 0
[15-Oct-2018 16:22:42 UTC] PHP Parse error:  syntax error, unexpected '?' in /home/findfunddeliver/Quickcarfinance.co.uk/vendor/symfony/http-foundation/Response.php on line 501
[15-Oct-2018 16:22:42 UTC] PHP Fatal error:  Exception thrown without a stack frame in Unknown on line 0
[15-Oct-2018 16:26:03 UTC] PHP Parse error:  syntax error, unexpected '?' in /home/findfunddeliver/Quickcarfinance.co.uk/vendor/symfony/http-foundation/Response.php on line 501
[15-Oct-2018 16:26:03 UTC] PHP Fatal error:  Exception thrown without a stack frame in Unknown on line 0
[15-Oct-2018 16:26:03 UTC] PHP Parse error:  syntax error, unexpected '?' in /home/findfunddeliver/Quickcarfinance.co.uk/vendor/symfony/http-foundation/Response.php on line 501
[15-Oct-2018 16:26:03 UTC] PHP Fatal error:  Exception thrown without a stack frame in Unknown on line 0
[15-Oct-2018 16:28:13 UTC] PHP Parse error:  syntax error, unexpected '?' in /home/findfunddeliver/Quickcarfinance.co.uk/vendor/symfony/http-foundation/Response.php on line 501
[15-Oct-2018 16:28:13 UTC] PHP Fatal error:  Exception thrown without a stack frame in Unknown on line 0
[15-Oct-2018 16:28:13 UTC] PHP Parse error:  syntax error, unexpected '?' in /home/findfunddeliver/Quickcarfinance.co.uk/vendor/symfony/http-foundation/Response.php on line 501
[15-Oct-2018 16:28:13 UTC] PHP Fatal error:  Exception thrown without a stack frame in Unknown on line 0
[02-Nov-2018 20:25:05 UTC] PHP Fatal error:  Uncaught ErrorException: include(/home/findfunddeliver/Quickcarfinance.co.uk/vendor/composer/../../app/Exceptions/Handler.php): failed to open stream: No such file or directory in /home/findfunddeliver/Quickcarfinance.co.uk/vendor/composer/ClassLoader.php:444
Stack trace:
#0 /home/findfunddeliver/Quickcarfinance.co.uk/vendor/composer/ClassLoader.php(444): Illuminate\Foundation\Bootstrap\HandleExceptions->handleError(2, 'include(/home/f...', '/home/findfundd...', 444, Array)
#1 /home/findfunddeliver/Quickcarfinance.co.uk/vendor/composer/ClassLoader.php(444): include()
#2 /home/findfunddeliver/Quickcarfinance.co.uk/vendor/composer/ClassLoader.php(322): Composer\Autoload\includeFile('/home/findfundd...')
#3 [internal function]: Composer\Autoload\ClassLoader->loadClass('App\\Exceptions\\...')
#4 [internal function]: spl_autoload_call('App\\Exceptions\\...')
#5 /home/findfunddeliver/Quickcarfinance.co.uk/vendor/laravel/framework/src/Illuminate/Container/Container.php(774): ReflectionClass->__construct('App\\Except in /home/findfunddeliver/Quickcarfinance.co.uk/vendor/composer/ClassLoader.php on line 444
[02-Nov-2018 20:25:05 UTC] PHP Fatal error:  Uncaught ErrorException: include(/home/findfunddeliver/Quickcarfinance.co.uk/vendor/composer/../../app/Exceptions/Handler.php): failed to open stream: No such file or directory in /home/findfunddeliver/Quickcarfinance.co.uk/vendor/composer/ClassLoader.php:444
Stack trace:
#0 /home/findfunddeliver/Quickcarfinance.co.uk/vendor/composer/ClassLoader.php(444): Illuminate\Foundation\Bootstrap\HandleExceptions->handleError(2, 'include(/home/f...', '/home/findfundd...', 444, Array)
#1 /home/findfunddeliver/Quickcarfinance.co.uk/vendor/composer/ClassLoader.php(444): include()
#2 /home/findfunddeliver/Quickcarfinance.co.uk/vendor/composer/ClassLoader.php(322): Composer\Autoload\includeFile('/home/findfundd...')
#3 [internal function]: Composer\Autoload\ClassLoader->loadClass('App\\Exceptions\\...')
#4 [internal function]: spl_autoload_call('App\\Exceptions\\...')
#5 /home/findfunddeliver/Quickcarfinance.co.uk/vendor/laravel/framework/src/Illuminate/Container/Container.php(774): ReflectionClass->__construct('App\\Except in /home/findfunddeliver/Quickcarfinance.co.uk/vendor/composer/ClassLoader.php on line 444
[02-Nov-2018 20:25:11 UTC] PHP Fatal error:  Uncaught ErrorException: include(/home/findfunddeliver/Quickcarfinance.co.uk/vendor/composer/../../app/Exceptions/Handler.php): failed to open stream: No such file or directory in /home/findfunddeliver/Quickcarfinance.co.uk/vendor/composer/ClassLoader.php:444
Stack trace:
#0 /home/findfunddeliver/Quickcarfinance.co.uk/vendor/composer/ClassLoader.php(444): Illuminate\Foundation\Bootstrap\HandleExceptions->handleError(2, 'include(/home/f...', '/home/findfundd...', 444, Array)
#1 /home/findfunddeliver/Quickcarfinance.co.uk/vendor/composer/ClassLoader.php(444): include()
#2 /home/findfunddeliver/Quickcarfinance.co.uk/vendor/composer/ClassLoader.php(322): Composer\Autoload\includeFile('/home/findfundd...')
#3 [internal function]: Composer\Autoload\ClassLoader->loadClass('App\\Exceptions\\...')
#4 [internal function]: spl_autoload_call('App\\Exceptions\\...')
#5 /home/findfunddeliver/Quickcarfinance.co.uk/vendor/laravel/framework/src/Illuminate/Container/Container.php(774): ReflectionClass->__construct('App\\Except in /home/findfunddeliver/Quickcarfinance.co.uk/vendor/composer/ClassLoader.php on line 444
[02-Nov-2018 20:25:11 UTC] PHP Fatal error:  Uncaught ErrorException: include(/home/findfunddeliver/Quickcarfinance.co.uk/vendor/composer/../../app/Exceptions/Handler.php): failed to open stream: No such file or directory in /home/findfunddeliver/Quickcarfinance.co.uk/vendor/composer/ClassLoader.php:444
Stack trace:
#0 /home/findfunddeliver/Quickcarfinance.co.uk/vendor/composer/ClassLoader.php(444): Illuminate\Foundation\Bootstrap\HandleExceptions->handleError(2, 'include(/home/f...', '/home/findfundd...', 444, Array)
#1 /home/findfunddeliver/Quickcarfinance.co.uk/vendor/composer/ClassLoader.php(444): include()
#2 /home/findfunddeliver/Quickcarfinance.co.uk/vendor/composer/ClassLoader.php(322): Composer\Autoload\includeFile('/home/findfundd...')
#3 [internal function]: Composer\Autoload\ClassLoader->loadClass('App\\Exceptions\\...')
#4 [internal function]: spl_autoload_call('App\\Exceptions\\...')
#5 /home/findfunddeliver/Quickcarfinance.co.uk/vendor/laravel/framework/src/Illuminate/Container/Container.php(774): ReflectionClass->__construct('App\\Except in /home/findfunddeliver/Quickcarfinance.co.uk/vendor/composer/ClassLoader.php on line 444
[02-Nov-2018 20:25:29 UTC] PHP Fatal error:  Uncaught ErrorException: include(/home/findfunddeliver/Quickcarfinance.co.uk/vendor/composer/../../app/Exceptions/Handler.php): failed to open stream: No such file or directory in /home/findfunddeliver/Quickcarfinance.co.uk/vendor/composer/ClassLoader.php:444
Stack trace:
#0 /home/findfunddeliver/Quickcarfinance.co.uk/vendor/composer/ClassLoader.php(444): Illuminate\Foundation\Bootstrap\HandleExceptions->handleError(2, 'include(/home/f...', '/home/findfundd...', 444, Array)
#1 /home/findfunddeliver/Quickcarfinance.co.uk/vendor/composer/ClassLoader.php(444): include()
#2 /home/findfunddeliver/Quickcarfinance.co.uk/vendor/composer/ClassLoader.php(322): Composer\Autoload\includeFile('/home/findfundd...')
#3 [internal function]: Composer\Autoload\ClassLoader->loadClass('App\\Exceptions\\...')
#4 [internal function]: spl_autoload_call('App\\Exceptions\\...')
#5 /home/findfunddeliver/Quickcarfinance.co.uk/vendor/laravel/framework/src/Illuminate/Container/Container.php(774): ReflectionClass->__construct('App\\Except in /home/findfunddeliver/Quickcarfinance.co.uk/vendor/composer/ClassLoader.php on line 444
[02-Nov-2018 20:25:29 UTC] PHP Fatal error:  Uncaught ErrorException: include(/home/findfunddeliver/Quickcarfinance.co.uk/vendor/composer/../../app/Exceptions/Handler.php): failed to open stream: No such file or directory in /home/findfunddeliver/Quickcarfinance.co.uk/vendor/composer/ClassLoader.php:444
Stack trace:
#0 /home/findfunddeliver/Quickcarfinance.co.uk/vendor/composer/ClassLoader.php(444): Illuminate\Foundation\Bootstrap\HandleExceptions->handleError(2, 'include(/home/f...', '/home/findfundd...', 444, Array)
#1 /home/findfunddeliver/Quickcarfinance.co.uk/vendor/composer/ClassLoader.php(444): include()
#2 /home/findfunddeliver/Quickcarfinance.co.uk/vendor/composer/ClassLoader.php(322): Composer\Autoload\includeFile('/home/findfundd...')
#3 [internal function]: Composer\Autoload\ClassLoader->loadClass('App\\Exceptions\\...')
#4 [internal function]: spl_autoload_call('App\\Exceptions\\...')
#5 /home/findfunddeliver/Quickcarfinance.co.uk/vendor/laravel/framework/src/Illuminate/Container/Container.php(774): ReflectionClass->__construct('App\\Except in /home/findfunddeliver/Quickcarfinance.co.uk/vendor/composer/ClassLoader.php on line 444
[02-Nov-2018 20:25:33 UTC] PHP Fatal error:  Uncaught ErrorException: include(/home/findfunddeliver/Quickcarfinance.co.uk/vendor/composer/../../app/Exceptions/Handler.php): failed to open stream: No such file or directory in /home/findfunddeliver/Quickcarfinance.co.uk/vendor/composer/ClassLoader.php:444
Stack trace:
#0 /home/findfunddeliver/Quickcarfinance.co.uk/vendor/composer/ClassLoader.php(444): Illuminate\Foundation\Bootstrap\HandleExceptions->handleError(2, 'include(/home/f...', '/home/findfundd...', 444, Array)
#1 /home/findfunddeliver/Quickcarfinance.co.uk/vendor/composer/ClassLoader.php(444): include()
#2 /home/findfunddeliver/Quickcarfinance.co.uk/vendor/composer/ClassLoader.php(322): Composer\Autoload\includeFile('/home/findfundd...')
#3 [internal function]: Composer\Autoload\ClassLoader->loadClass('App\\Exceptions\\...')
#4 [internal function]: spl_autoload_call('App\\Exceptions\\...')
#5 /home/findfunddeliver/Quickcarfinance.co.uk/vendor/laravel/framework/src/Illuminate/Container/Container.php(774): ReflectionClass->__construct('App\\Except in /home/findfunddeliver/Quickcarfinance.co.uk/vendor/composer/ClassLoader.php on line 444
[02-Nov-2018 20:25:33 UTC] PHP Fatal error:  Uncaught ErrorException: include(/home/findfunddeliver/Quickcarfinance.co.uk/vendor/composer/../../app/Exceptions/Handler.php): failed to open stream: No such file or directory in /home/findfunddeliver/Quickcarfinance.co.uk/vendor/composer/ClassLoader.php:444
Stack trace:
#0 /home/findfunddeliver/Quickcarfinance.co.uk/vendor/composer/ClassLoader.php(444): Illuminate\Foundation\Bootstrap\HandleExceptions->handleError(2, 'include(/home/f...', '/home/findfundd...', 444, Array)
#1 /home/findfunddeliver/Quickcarfinance.co.uk/vendor/composer/ClassLoader.php(444): include()
#2 /home/findfunddeliver/Quickcarfinance.co.uk/vendor/composer/ClassLoader.php(322): Composer\Autoload\includeFile('/home/findfundd...')
#3 [internal function]: Composer\Autoload\ClassLoader->loadClass('App\\Exceptions\\...')
#4 [internal function]: spl_autoload_call('App\\Exceptions\\...')
#5 /home/findfunddeliver/Quickcarfinance.co.uk/vendor/laravel/framework/src/Illuminate/Container/Container.php(774): ReflectionClass->__construct('App\\Except in /home/findfunddeliver/Quickcarfinance.co.uk/vendor/composer/ClassLoader.php on line 444
[02-Nov-2018 20:25:49 UTC] PHP Fatal error:  Uncaught ErrorException: include(/home/findfunddeliver/Quickcarfinance.co.uk/vendor/composer/../../app/Exceptions/Handler.php): failed to open stream: No such file or directory in /home/findfunddeliver/Quickcarfinance.co.uk/vendor/composer/ClassLoader.php:444
Stack trace:
#0 /home/findfunddeliver/Quickcarfinance.co.uk/vendor/composer/ClassLoader.php(444): Illuminate\Foundation\Bootstrap\HandleExceptions->handleError(2, 'include(/home/f...', '/home/findfundd...', 444, Array)
#1 /home/findfunddeliver/Quickcarfinance.co.uk/vendor/composer/ClassLoader.php(444): include()
#2 /home/findfunddeliver/Quickcarfinance.co.uk/vendor/composer/ClassLoader.php(322): Composer\Autoload\includeFile('/home/findfundd...')
#3 [internal function]: Composer\Autoload\ClassLoader->loadClass('App\\Exceptions\\...')
#4 [internal function]: spl_autoload_call('App\\Exceptions\\...')
#5 /home/findfunddeliver/Quickcarfinance.co.uk/vendor/laravel/framework/src/Illuminate/Container/Container.php(774): ReflectionClass->__construct('App\\Except in /home/findfunddeliver/Quickcarfinance.co.uk/vendor/composer/ClassLoader.php on line 444
[02-Nov-2018 20:25:49 UTC] PHP Fatal error:  Uncaught ErrorException: include(/home/findfunddeliver/Quickcarfinance.co.uk/vendor/composer/../../app/Exceptions/Handler.php): failed to open stream: No such file or directory in /home/findfunddeliver/Quickcarfinance.co.uk/vendor/composer/ClassLoader.php:444
Stack trace:
#0 /home/findfunddeliver/Quickcarfinance.co.uk/vendor/composer/ClassLoader.php(444): Illuminate\Foundation\Bootstrap\HandleExceptions->handleError(2, 'include(/home/f...', '/home/findfundd...', 444, Array)
#1 /home/findfunddeliver/Quickcarfinance.co.uk/vendor/composer/ClassLoader.php(444): include()
#2 /home/findfunddeliver/Quickcarfinance.co.uk/vendor/composer/ClassLoader.php(322): Composer\Autoload\includeFile('/home/findfundd...')
#3 [internal function]: Composer\Autoload\ClassLoader->loadClass('App\\Exceptions\\...')
#4 [internal function]: spl_autoload_call('App\\Exceptions\\...')
#5 /home/findfunddeliver/Quickcarfinance.co.uk/vendor/laravel/framework/src/Illuminate/Container/Container.php(774): ReflectionClass->__construct('App\\Except in /home/findfunddeliver/Quickcarfinance.co.uk/vendor/composer/ClassLoader.php on line 444
[02-Nov-2018 20:26:26 UTC] PHP Fatal error:  Uncaught ErrorException: include(/home/findfunddeliver/Quickcarfinance.co.uk/vendor/composer/../../app/Exceptions/Handler.php): failed to open stream: No such file or directory in /home/findfunddeliver/Quickcarfinance.co.uk/vendor/composer/ClassLoader.php:444
Stack trace:
#0 /home/findfunddeliver/Quickcarfinance.co.uk/vendor/composer/ClassLoader.php(444): Illuminate\Foundation\Bootstrap\HandleExceptions->handleError(2, 'include(/home/f...', '/home/findfundd...', 444, Array)
#1 /home/findfunddeliver/Quickcarfinance.co.uk/vendor/composer/ClassLoader.php(444): include()
#2 /home/findfunddeliver/Quickcarfinance.co.uk/vendor/composer/ClassLoader.php(322): Composer\Autoload\includeFile('/home/findfundd...')
#3 [internal function]: Composer\Autoload\ClassLoader->loadClass('App\\Exceptions\\...')
#4 [internal function]: spl_autoload_call('App\\Exceptions\\...')
#5 /home/findfunddeliver/Quickcarfinance.co.uk/vendor/laravel/framework/src/Illuminate/Container/Container.php(774): ReflectionClass->__construct('App\\Except in /home/findfunddeliver/Quickcarfinance.co.uk/vendor/composer/ClassLoader.php on line 444
[02-Nov-2018 20:26:26 UTC] PHP Fatal error:  Uncaught ErrorException: include(/home/findfunddeliver/Quickcarfinance.co.uk/vendor/composer/../../app/Exceptions/Handler.php): failed to open stream: No such file or directory in /home/findfunddeliver/Quickcarfinance.co.uk/vendor/composer/ClassLoader.php:444
Stack trace:
#0 /home/findfunddeliver/Quickcarfinance.co.uk/vendor/composer/ClassLoader.php(444): Illuminate\Foundation\Bootstrap\HandleExceptions->handleError(2, 'include(/home/f...', '/home/findfundd...', 444, Array)
#1 /home/findfunddeliver/Quickcarfinance.co.uk/vendor/composer/ClassLoader.php(444): include()
#2 /home/findfunddeliver/Quickcarfinance.co.uk/vendor/composer/ClassLoader.php(322): Composer\Autoload\includeFile('/home/findfundd...')
#3 [internal function]: Composer\Autoload\ClassLoader->loadClass('App\\Exceptions\\...')
#4 [internal function]: spl_autoload_call('App\\Exceptions\\...')
#5 /home/findfunddeliver/Quickcarfinance.co.uk/vendor/laravel/framework/src/Illuminate/Container/Container.php(774): ReflectionClass->__construct('App\\Except in /home/findfunddeliver/Quickcarfinance.co.uk/vendor/composer/ClassLoader.php on line 444
[02-Nov-2018 20:26:31 UTC] PHP Fatal error:  Uncaught ErrorException: include(/home/findfunddeliver/Quickcarfinance.co.uk/vendor/composer/../../app/Exceptions/Handler.php): failed to open stream: No such file or directory in /home/findfunddeliver/Quickcarfinance.co.uk/vendor/composer/ClassLoader.php:444
Stack trace:
#0 /home/findfunddeliver/Quickcarfinance.co.uk/vendor/composer/ClassLoader.php(444): Illuminate\Foundation\Bootstrap\HandleExceptions->handleError(2, 'include(/home/f...', '/home/findfundd...', 444, Array)
#1 /home/findfunddeliver/Quickcarfinance.co.uk/vendor/composer/ClassLoader.php(444): include()
#2 /home/findfunddeliver/Quickcarfinance.co.uk/vendor/composer/ClassLoader.php(322): Composer\Autoload\includeFile('/home/findfundd...')
#3 [internal function]: Composer\Autoload\ClassLoader->loadClass('App\\Exceptions\\...')
#4 [internal function]: spl_autoload_call('App\\Exceptions\\...')
#5 /home/findfunddeliver/Quickcarfinance.co.uk/vendor/laravel/framework/src/Illuminate/Container/Container.php(774): ReflectionClass->__construct('App\\Except in /home/findfunddeliver/Quickcarfinance.co.uk/vendor/composer/ClassLoader.php on line 444
[02-Nov-2018 20:26:31 UTC] PHP Fatal error:  Uncaught ErrorException: include(/home/findfunddeliver/Quickcarfinance.co.uk/vendor/composer/../../app/Exceptions/Handler.php): failed to open stream: No such file or directory in /home/findfunddeliver/Quickcarfinance.co.uk/vendor/composer/ClassLoader.php:444
Stack trace:
#0 /home/findfunddeliver/Quickcarfinance.co.uk/vendor/composer/ClassLoader.php(444): Illuminate\Foundation\Bootstrap\HandleExceptions->handleError(2, 'include(/home/f...', '/home/findfundd...', 444, Array)
#1 /home/findfunddeliver/Quickcarfinance.co.uk/vendor/composer/ClassLoader.php(444): include()
#2 /home/findfunddeliver/Quickcarfinance.co.uk/vendor/composer/ClassLoader.php(322): Composer\Autoload\includeFile('/home/findfundd...')
#3 [internal function]: Composer\Autoload\ClassLoader->loadClass('App\\Exceptions\\...')
#4 [internal function]: spl_autoload_call('App\\Exceptions\\...')
#5 /home/findfunddeliver/Quickcarfinance.co.uk/vendor/laravel/framework/src/Illuminate/Container/Container.php(774): ReflectionClass->__construct('App\\Except in /home/findfunddeliver/Quickcarfinance.co.uk/vendor/composer/ClassLoader.php on line 444
[02-Nov-2018 20:26:40 UTC] PHP Fatal error:  Uncaught ErrorException: include(/home/findfunddeliver/Quickcarfinance.co.uk/vendor/composer/../../app/Exceptions/Handler.php): failed to open stream: No such file or directory in /home/findfunddeliver/Quickcarfinance.co.uk/vendor/composer/ClassLoader.php:444
Stack trace:
#0 /home/findfunddeliver/Quickcarfinance.co.uk/vendor/composer/ClassLoader.php(444): Illuminate\Foundation\Bootstrap\HandleExceptions->handleError(2, 'include(/home/f...', '/home/findfundd...', 444, Array)
#1 /home/findfunddeliver/Quickcarfinance.co.uk/vendor/composer/ClassLoader.php(444): include()
#2 /home/findfunddeliver/Quickcarfinance.co.uk/vendor/composer/ClassLoader.php(322): Composer\Autoload\includeFile('/home/findfundd...')
#3 [internal function]: Composer\Autoload\ClassLoader->loadClass('App\\Exceptions\\...')
#4 [internal function]: spl_autoload_call('App\\Exceptions\\...')
#5 /home/findfunddeliver/Quickcarfinance.co.uk/vendor/laravel/framework/src/Illuminate/Container/Container.php(774): ReflectionClass->__construct('App\\Except in /home/findfunddeliver/Quickcarfinance.co.uk/vendor/composer/ClassLoader.php on line 444
[02-Nov-2018 20:26:40 UTC] PHP Fatal error:  Uncaught ErrorException: include(/home/findfunddeliver/Quickcarfinance.co.uk/vendor/composer/../../app/Exceptions/Handler.php): failed to open stream: No such file or directory in /home/findfunddeliver/Quickcarfinance.co.uk/vendor/composer/ClassLoader.php:444
Stack trace:
#0 /home/findfunddeliver/Quickcarfinance.co.uk/vendor/composer/ClassLoader.php(444): Illuminate\Foundation\Bootstrap\HandleExceptions->handleError(2, 'include(/home/f...', '/home/findfundd...', 444, Array)
#1 /home/findfunddeliver/Quickcarfinance.co.uk/vendor/composer/ClassLoader.php(444): include()
#2 /home/findfunddeliver/Quickcarfinance.co.uk/vendor/composer/ClassLoader.php(322): Composer\Autoload\includeFile('/home/findfundd...')
#3 [internal function]: Composer\Autoload\ClassLoader->loadClass('App\\Exceptions\\...')
#4 [internal function]: spl_autoload_call('App\\Exceptions\\...')
#5 /home/findfunddeliver/Quickcarfinance.co.uk/vendor/laravel/framework/src/Illuminate/Container/Container.php(774): ReflectionClass->__construct('App\\Except in /home/findfunddeliver/Quickcarfinance.co.uk/vendor/composer/ClassLoader.php on line 444
[02-Nov-2018 20:26:43 UTC] PHP Fatal error:  Uncaught ErrorException: include(/home/findfunddeliver/Quickcarfinance.co.uk/vendor/composer/../../app/Exceptions/Handler.php): failed to open stream: No such file or directory in /home/findfunddeliver/Quickcarfinance.co.uk/vendor/composer/ClassLoader.php:444
Stack trace:
#0 /home/findfunddeliver/Quickcarfinance.co.uk/vendor/composer/ClassLoader.php(444): Illuminate\Foundation\Bootstrap\HandleExceptions->handleError(2, 'include(/home/f...', '/home/findfundd...', 444, Array)
#1 /home/findfunddeliver/Quickcarfinance.co.uk/vendor/composer/ClassLoader.php(444): include()
#2 /home/findfunddeliver/Quickcarfinance.co.uk/vendor/composer/ClassLoader.php(322): Composer\Autoload\includeFile('/home/findfundd...')
#3 [internal function]: Composer\Autoload\ClassLoader->loadClass('App\\Exceptions\\...')
#4 [internal function]: spl_autoload_call('App\\Exceptions\\...')
#5 /home/findfunddeliver/Quickcarfinance.co.uk/vendor/laravel/framework/src/Illuminate/Container/Container.php(774): ReflectionClass->__construct('App\\Except in /home/findfunddeliver/Quickcarfinance.co.uk/vendor/composer/ClassLoader.php on line 444
[02-Nov-2018 20:26:43 UTC] PHP Fatal error:  Uncaught ErrorException: include(/home/findfunddeliver/Quickcarfinance.co.uk/vendor/composer/../../app/Exceptions/Handler.php): failed to open stream: No such file or directory in /home/findfunddeliver/Quickcarfinance.co.uk/vendor/composer/ClassLoader.php:444
Stack trace:
#0 /home/findfunddeliver/Quickcarfinance.co.uk/vendor/composer/ClassLoader.php(444): Illuminate\Foundation\Bootstrap\HandleExceptions->handleError(2, 'include(/home/f...', '/home/findfundd...', 444, Array)
#1 /home/findfunddeliver/Quickcarfinance.co.uk/vendor/composer/ClassLoader.php(444): include()
#2 /home/findfunddeliver/Quickcarfinance.co.uk/vendor/composer/ClassLoader.php(322): Composer\Autoload\includeFile('/home/findfundd...')
#3 [internal function]: Composer\Autoload\ClassLoader->loadClass('App\\Exceptions\\...')
#4 [internal function]: spl_autoload_call('App\\Exceptions\\...')
#5 /home/findfunddeliver/Quickcarfinance.co.uk/vendor/laravel/framework/src/Illuminate/Container/Container.php(774): ReflectionClass->__construct('App\\Except in /home/findfunddeliver/Quickcarfinance.co.uk/vendor/composer/ClassLoader.php on line 444
[02-Nov-2018 20:26:45 UTC] PHP Fatal error:  Uncaught ErrorException: include(/home/findfunddeliver/Quickcarfinance.co.uk/vendor/composer/../../app/Exceptions/Handler.php): failed to open stream: No such file or directory in /home/findfunddeliver/Quickcarfinance.co.uk/vendor/composer/ClassLoader.php:444
Stack trace:
#0 /home/findfunddeliver/Quickcarfinance.co.uk/vendor/composer/ClassLoader.php(444): Illuminate\Foundation\Bootstrap\HandleExceptions->handleError(2, 'include(/home/f...', '/home/findfundd...', 444, Array)
#1 /home/findfunddeliver/Quickcarfinance.co.uk/vendor/composer/ClassLoader.php(444): include()
#2 /home/findfunddeliver/Quickcarfinance.co.uk/vendor/composer/ClassLoader.php(322): Composer\Autoload\includeFile('/home/findfundd...')
#3 [internal function]: Composer\Autoload\ClassLoader->loadClass('App\\Exceptions\\...')
#4 [internal function]: spl_autoload_call('App\\Exceptions\\...')
#5 /home/findfunddeliver/Quickcarfinance.co.uk/vendor/laravel/framework/src/Illuminate/Container/Container.php(774): ReflectionClass->__construct('App\\Except in /home/findfunddeliver/Quickcarfinance.co.uk/vendor/composer/ClassLoader.php on line 444
[02-Nov-2018 20:26:45 UTC] PHP Fatal error:  Uncaught ErrorException: include(/home/findfunddeliver/Quickcarfinance.co.uk/vendor/composer/../../app/Exceptions/Handler.php): failed to open stream: No such file or directory in /home/findfunddeliver/Quickcarfinance.co.uk/vendor/composer/ClassLoader.php:444
Stack trace:
#0 /home/findfunddeliver/Quickcarfinance.co.uk/vendor/composer/ClassLoader.php(444): Illuminate\Foundation\Bootstrap\HandleExceptions->handleError(2, 'include(/home/f...', '/home/findfundd...', 444, Array)
#1 /home/findfunddeliver/Quickcarfinance.co.uk/vendor/composer/ClassLoader.php(444): include()
#2 /home/findfunddeliver/Quickcarfinance.co.uk/vendor/composer/ClassLoader.php(322): Composer\Autoload\includeFile('/home/findfundd...')
#3 [internal function]: Composer\Autoload\ClassLoader->loadClass('App\\Exceptions\\...')
#4 [internal function]: spl_autoload_call('App\\Exceptions\\...')
#5 /home/findfunddeliver/Quickcarfinance.co.uk/vendor/laravel/framework/src/Illuminate/Container/Container.php(774): ReflectionClass->__construct('App\\Except in /home/findfunddeliver/Quickcarfinance.co.uk/vendor/composer/ClassLoader.php on line 444
[02-Nov-2018 20:26:46 UTC] PHP Fatal error:  Uncaught ErrorException: include(/home/findfunddeliver/Quickcarfinance.co.uk/vendor/composer/../../app/Exceptions/Handler.php): failed to open stream: No such file or directory in /home/findfunddeliver/Quickcarfinance.co.uk/vendor/composer/ClassLoader.php:444
Stack trace:
#0 /home/findfunddeliver/Quickcarfinance.co.uk/vendor/composer/ClassLoader.php(444): Illuminate\Foundation\Bootstrap\HandleExceptions->handleError(2, 'include(/home/f...', '/home/findfundd...', 444, Array)
#1 /home/findfunddeliver/Quickcarfinance.co.uk/vendor/composer/ClassLoader.php(444): include()
#2 /home/findfunddeliver/Quickcarfinance.co.uk/vendor/composer/ClassLoader.php(322): Composer\Autoload\includeFile('/home/findfundd...')
#3 [internal function]: Composer\Autoload\ClassLoader->loadClass('App\\Exceptions\\...')
#4 [internal function]: spl_autoload_call('App\\Exceptions\\...')
#5 /home/findfunddeliver/Quickcarfinance.co.uk/vendor/laravel/framework/src/Illuminate/Container/Container.php(774): ReflectionClass->__construct('App\\Except in /home/findfunddeliver/Quickcarfinance.co.uk/vendor/composer/ClassLoader.php on line 444
[02-Nov-2018 20:26:46 UTC] PHP Fatal error:  Uncaught ErrorException: include(/home/findfunddeliver/Quickcarfinance.co.uk/vendor/composer/../../app/Exceptions/Handler.php): failed to open stream: No such file or directory in /home/findfunddeliver/Quickcarfinance.co.uk/vendor/composer/ClassLoader.php:444
Stack trace:
#0 /home/findfunddeliver/Quickcarfinance.co.uk/vendor/composer/ClassLoader.php(444): Illuminate\Foundation\Bootstrap\HandleExceptions->handleError(2, 'include(/home/f...', '/home/findfundd...', 444, Array)
#1 /home/findfunddeliver/Quickcarfinance.co.uk/vendor/composer/ClassLoader.php(444): include()
#2 /home/findfunddeliver/Quickcarfinance.co.uk/vendor/composer/ClassLoader.php(322): Composer\Autoload\includeFile('/home/findfundd...')
#3 [internal function]: Composer\Autoload\ClassLoader->loadClass('App\\Exceptions\\...')
#4 [internal function]: spl_autoload_call('App\\Exceptions\\...')
#5 /home/findfunddeliver/Quickcarfinance.co.uk/vendor/laravel/framework/src/Illuminate/Container/Container.php(774): ReflectionClass->__construct('App\\Except in /home/findfunddeliver/Quickcarfinance.co.uk/vendor/composer/ClassLoader.php on line 444
[02-Nov-2018 20:27:10 UTC] PHP Fatal error:  Uncaught ErrorException: include(/home/findfunddeliver/Quickcarfinance.co.uk/vendor/composer/../../app/Exceptions/Handler.php): failed to open stream: No such file or directory in /home/findfunddeliver/Quickcarfinance.co.uk/vendor/composer/ClassLoader.php:444
Stack trace:
#0 /home/findfunddeliver/Quickcarfinance.co.uk/vendor/composer/ClassLoader.php(444): Illuminate\Foundation\Bootstrap\HandleExceptions->handleError(2, 'include(/home/f...', '/home/findfundd...', 444, Array)
#1 /home/findfunddeliver/Quickcarfinance.co.uk/vendor/composer/ClassLoader.php(444): include()
#2 /home/findfunddeliver/Quickcarfinance.co.uk/vendor/composer/ClassLoader.php(322): Composer\Autoload\includeFile('/home/findfundd...')
#3 [internal function]: Composer\Autoload\ClassLoader->loadClass('App\\Exceptions\\...')
#4 [internal function]: spl_autoload_call('App\\Exceptions\\...')
#5 /home/findfunddeliver/Quickcarfinance.co.uk/vendor/laravel/framework/src/Illuminate/Container/Container.php(774): ReflectionClass->__construct('App\\Except in /home/findfunddeliver/Quickcarfinance.co.uk/vendor/composer/ClassLoader.php on line 444
[02-Nov-2018 20:27:10 UTC] PHP Fatal error:  Uncaught ErrorException: include(/home/findfunddeliver/Quickcarfinance.co.uk/vendor/composer/../../app/Exceptions/Handler.php): failed to open stream: No such file or directory in /home/findfunddeliver/Quickcarfinance.co.uk/vendor/composer/ClassLoader.php:444
Stack trace:
#0 /home/findfunddeliver/Quickcarfinance.co.uk/vendor/composer/ClassLoader.php(444): Illuminate\Foundation\Bootstrap\HandleExceptions->handleError(2, 'include(/home/f...', '/home/findfundd...', 444, Array)
#1 /home/findfunddeliver/Quickcarfinance.co.uk/vendor/composer/ClassLoader.php(444): include()
#2 /home/findfunddeliver/Quickcarfinance.co.uk/vendor/composer/ClassLoader.php(322): Composer\Autoload\includeFile('/home/findfundd...')
#3 [internal function]: Composer\Autoload\ClassLoader->loadClass('App\\Exceptions\\...')
#4 [internal function]: spl_autoload_call('App\\Exceptions\\...')
#5 /home/findfunddeliver/Quickcarfinance.co.uk/vendor/laravel/framework/src/Illuminate/Container/Container.php(774): ReflectionClass->__construct('App\\Except in /home/findfunddeliver/Quickcarfinance.co.uk/vendor/composer/ClassLoader.php on line 444
[02-Nov-2018 20:27:12 UTC] PHP Fatal error:  Uncaught ErrorException: include(/home/findfunddeliver/Quickcarfinance.co.uk/vendor/composer/../../app/Exceptions/Handler.php): failed to open stream: No such file or directory in /home/findfunddeliver/Quickcarfinance.co.uk/vendor/composer/ClassLoader.php:444
Stack trace:
#0 /home/findfunddeliver/Quickcarfinance.co.uk/vendor/composer/ClassLoader.php(444): Illuminate\Foundation\Bootstrap\HandleExceptions->handleError(2, 'include(/home/f...', '/home/findfundd...', 444, Array)
#1 /home/findfunddeliver/Quickcarfinance.co.uk/vendor/composer/ClassLoader.php(444): include()
#2 /home/findfunddeliver/Quickcarfinance.co.uk/vendor/composer/ClassLoader.php(322): Composer\Autoload\includeFile('/home/findfundd...')
#3 [internal function]: Composer\Autoload\ClassLoader->loadClass('App\\Exceptions\\...')
#4 [internal function]: spl_autoload_call('App\\Exceptions\\...')
#5 /home/findfunddeliver/Quickcarfinance.co.uk/vendor/laravel/framework/src/Illuminate/Container/Container.php(774): ReflectionClass->__construct('App\\Except in /home/findfunddeliver/Quickcarfinance.co.uk/vendor/composer/ClassLoader.php on line 444
[02-Nov-2018 20:27:12 UTC] PHP Fatal error:  Uncaught ErrorException: include(/home/findfunddeliver/Quickcarfinance.co.uk/vendor/composer/../../app/Exceptions/Handler.php): failed to open stream: No such file or directory in /home/findfunddeliver/Quickcarfinance.co.uk/vendor/composer/ClassLoader.php:444
Stack trace:
#0 /home/findfunddeliver/Quickcarfinance.co.uk/vendor/composer/ClassLoader.php(444): Illuminate\Foundation\Bootstrap\HandleExceptions->handleError(2, 'include(/home/f...', '/home/findfundd...', 444, Array)
#1 /home/findfunddeliver/Quickcarfinance.co.uk/vendor/composer/ClassLoader.php(444): include()
#2 /home/findfunddeliver/Quickcarfinance.co.uk/vendor/composer/ClassLoader.php(322): Composer\Autoload\includeFile('/home/findfundd...')
#3 [internal function]: Composer\Autoload\ClassLoader->loadClass('App\\Exceptions\\...')
#4 [internal function]: spl_autoload_call('App\\Exceptions\\...')
#5 /home/findfunddeliver/Quickcarfinance.co.uk/vendor/laravel/framework/src/Illuminate/Container/Container.php(774): ReflectionClass->__construct('App\\Except in /home/findfunddeliver/Quickcarfinance.co.uk/vendor/composer/ClassLoader.php on line 444
[02-Nov-2018 20:27:44 UTC] PHP Fatal error:  Uncaught ErrorException: include(/home/findfunddeliver/Quickcarfinance.co.uk/vendor/composer/../../app/Exceptions/Handler.php): failed to open stream: No such file or directory in /home/findfunddeliver/Quickcarfinance.co.uk/vendor/composer/ClassLoader.php:444
Stack trace:
#0 /home/findfunddeliver/Quickcarfinance.co.uk/vendor/composer/ClassLoader.php(444): Illuminate\Foundation\Bootstrap\HandleExceptions->handleError(2, 'include(/home/f...', '/home/findfundd...', 444, Array)
#1 /home/findfunddeliver/Quickcarfinance.co.uk/vendor/composer/ClassLoader.php(444): include()
#2 /home/findfunddeliver/Quickcarfinance.co.uk/vendor/composer/ClassLoader.php(322): Composer\Autoload\includeFile('/home/findfundd...')
#3 [internal function]: Composer\Autoload\ClassLoader->loadClass('App\\Exceptions\\...')
#4 [internal function]: spl_autoload_call('App\\Exceptions\\...')
#5 /home/findfunddeliver/Quickcarfinance.co.uk/vendor/laravel/framework/src/Illuminate/Container/Container.php(774): ReflectionClass->__construct('App\\Except in /home/findfunddeliver/Quickcarfinance.co.uk/vendor/composer/ClassLoader.php on line 444
[02-Nov-2018 20:27:44 UTC] PHP Fatal error:  Uncaught ErrorException: include(/home/findfunddeliver/Quickcarfinance.co.uk/vendor/composer/../../app/Exceptions/Handler.php): failed to open stream: No such file or directory in /home/findfunddeliver/Quickcarfinance.co.uk/vendor/composer/ClassLoader.php:444
Stack trace:
#0 /home/findfunddeliver/Quickcarfinance.co.uk/vendor/composer/ClassLoader.php(444): Illuminate\Foundation\Bootstrap\HandleExceptions->handleError(2, 'include(/home/f...', '/home/findfundd...', 444, Array)
#1 /home/findfunddeliver/Quickcarfinance.co.uk/vendor/composer/ClassLoader.php(444): include()
#2 /home/findfunddeliver/Quickcarfinance.co.uk/vendor/composer/ClassLoader.php(322): Composer\Autoload\includeFile('/home/findfundd...')
#3 [internal function]: Composer\Autoload\ClassLoader->loadClass('App\\Exceptions\\...')
#4 [internal function]: spl_autoload_call('App\\Exceptions\\...')
#5 /home/findfunddeliver/Quickcarfinance.co.uk/vendor/laravel/framework/src/Illuminate/Container/Container.php(774): ReflectionClass->__construct('App\\Except in /home/findfunddeliver/Quickcarfinance.co.uk/vendor/composer/ClassLoader.php on line 444
[02-Nov-2018 20:28:01 UTC] PHP Fatal error:  Uncaught ErrorException: include(/home/findfunddeliver/Quickcarfinance.co.uk/vendor/composer/../../app/Exceptions/Handler.php): failed to open stream: No such file or directory in /home/findfunddeliver/Quickcarfinance.co.uk/vendor/composer/ClassLoader.php:444
Stack trace:
#0 /home/findfunddeliver/Quickcarfinance.co.uk/vendor/composer/ClassLoader.php(444): Illuminate\Foundation\Bootstrap\HandleExceptions->handleError(2, 'include(/home/f...', '/home/findfundd...', 444, Array)
#1 /home/findfunddeliver/Quickcarfinance.co.uk/vendor/composer/ClassLoader.php(444): include()
#2 /home/findfunddeliver/Quickcarfinance.co.uk/vendor/composer/ClassLoader.php(322): Composer\Autoload\includeFile('/home/findfundd...')
#3 [internal function]: Composer\Autoload\ClassLoader->loadClass('App\\Exceptions\\...')
#4 [internal function]: spl_autoload_call('App\\Exceptions\\...')
#5 /home/findfunddeliver/Quickcarfinance.co.uk/vendor/laravel/framework/src/Illuminate/Container/Container.php(774): ReflectionClass->__construct('App\\Except in /home/findfunddeliver/Quickcarfinance.co.uk/vendor/composer/ClassLoader.php on line 444
[02-Nov-2018 20:28:01 UTC] PHP Fatal error:  Uncaught ErrorException: include(/home/findfunddeliver/Quickcarfinance.co.uk/vendor/composer/../../app/Exceptions/Handler.php): failed to open stream: No such file or directory in /home/findfunddeliver/Quickcarfinance.co.uk/vendor/composer/ClassLoader.php:444
Stack trace:
#0 /home/findfunddeliver/Quickcarfinance.co.uk/vendor/composer/ClassLoader.php(444): Illuminate\Foundation\Bootstrap\HandleExceptions->handleError(2, 'include(/home/f...', '/home/findfundd...', 444, Array)
#1 /home/findfunddeliver/Quickcarfinance.co.uk/vendor/composer/ClassLoader.php(444): include()
#2 /home/findfunddeliver/Quickcarfinance.co.uk/vendor/composer/ClassLoader.php(322): Composer\Autoload\includeFile('/home/findfundd...')
#3 [internal function]: Composer\Autoload\ClassLoader->loadClass('App\\Exceptions\\...')
#4 [internal function]: spl_autoload_call('App\\Exceptions\\...')
#5 /home/findfunddeliver/Quickcarfinance.co.uk/vendor/laravel/framework/src/Illuminate/Container/Container.php(774): ReflectionClass->__construct('App\\Except in /home/findfunddeliver/Quickcarfinance.co.uk/vendor/composer/ClassLoader.php on line 444
[02-Nov-2018 20:28:04 UTC] PHP Fatal error:  Uncaught ErrorException: include(/home/findfunddeliver/Quickcarfinance.co.uk/vendor/composer/../../app/Exceptions/Handler.php): failed to open stream: No such file or directory in /home/findfunddeliver/Quickcarfinance.co.uk/vendor/composer/ClassLoader.php:444
Stack trace:
#0 /home/findfunddeliver/Quickcarfinance.co.uk/vendor/composer/ClassLoader.php(444): Illuminate\Foundation\Bootstrap\HandleExceptions->handleError(2, 'include(/home/f...', '/home/findfundd...', 444, Array)
#1 /home/findfunddeliver/Quickcarfinance.co.uk/vendor/composer/ClassLoader.php(444): include()
#2 /home/findfunddeliver/Quickcarfinance.co.uk/vendor/composer/ClassLoader.php(322): Composer\Autoload\includeFile('/home/findfundd...')
#3 [internal function]: Composer\Autoload\ClassLoader->loadClass('App\\Exceptions\\...')
#4 [internal function]: spl_autoload_call('App\\Exceptions\\...')
#5 /home/findfunddeliver/Quickcarfinance.co.uk/vendor/laravel/framework/src/Illuminate/Container/Container.php(774): ReflectionClass->__construct('App\\Except in /home/findfunddeliver/Quickcarfinance.co.uk/vendor/composer/ClassLoader.php on line 444
[02-Nov-2018 20:28:04 UTC] PHP Fatal error:  Uncaught ErrorException: include(/home/findfunddeliver/Quickcarfinance.co.uk/vendor/composer/../../app/Exceptions/Handler.php): failed to open stream: No such file or directory in /home/findfunddeliver/Quickcarfinance.co.uk/vendor/composer/ClassLoader.php:444
Stack trace:
#0 /home/findfunddeliver/Quickcarfinance.co.uk/vendor/composer/ClassLoader.php(444): Illuminate\Foundation\Bootstrap\HandleExceptions->handleError(2, 'include(/home/f...', '/home/findfundd...', 444, Array)
#1 /home/findfunddeliver/Quickcarfinance.co.uk/vendor/composer/ClassLoader.php(444): include()
#2 /home/findfunddeliver/Quickcarfinance.co.uk/vendor/composer/ClassLoader.php(322): Composer\Autoload\includeFile('/home/findfundd...')
#3 [internal function]: Composer\Autoload\ClassLoader->loadClass('App\\Exceptions\\...')
#4 [internal function]: spl_autoload_call('App\\Exceptions\\...')
#5 /home/findfunddeliver/Quickcarfinance.co.uk/vendor/laravel/framework/src/Illuminate/Container/Container.php(774): ReflectionClass->__construct('App\\Except in /home/findfunddeliver/Quickcarfinance.co.uk/vendor/composer/ClassLoader.php on line 444
[02-Nov-2018 20:28:18 UTC] PHP Fatal error:  Uncaught ErrorException: include(/home/findfunddeliver/Quickcarfinance.co.uk/vendor/composer/../../app/Exceptions/Handler.php): failed to open stream: No such file or directory in /home/findfunddeliver/Quickcarfinance.co.uk/vendor/composer/ClassLoader.php:444
Stack trace:
#0 /home/findfunddeliver/Quickcarfinance.co.uk/vendor/composer/ClassLoader.php(444): Illuminate\Foundation\Bootstrap\HandleExceptions->handleError(2, 'include(/home/f...', '/home/findfundd...', 444, Array)
#1 /home/findfunddeliver/Quickcarfinance.co.uk/vendor/composer/ClassLoader.php(444): include()
#2 /home/findfunddeliver/Quickcarfinance.co.uk/vendor/composer/ClassLoader.php(322): Composer\Autoload\includeFile('/home/findfundd...')
#3 [internal function]: Composer\Autoload\ClassLoader->loadClass('App\\Exceptions\\...')
#4 [internal function]: spl_autoload_call('App\\Exceptions\\...')
#5 /home/findfunddeliver/Quickcarfinance.co.uk/vendor/laravel/framework/src/Illuminate/Container/Container.php(774): ReflectionClass->__construct('App\\Except in /home/findfunddeliver/Quickcarfinance.co.uk/vendor/composer/ClassLoader.php on line 444
[02-Nov-2018 20:28:18 UTC] PHP Fatal error:  Uncaught ErrorException: include(/home/findfunddeliver/Quickcarfinance.co.uk/vendor/composer/../../app/Exceptions/Handler.php): failed to open stream: No such file or directory in /home/findfunddeliver/Quickcarfinance.co.uk/vendor/composer/ClassLoader.php:444
Stack trace:
#0 /home/findfunddeliver/Quickcarfinance.co.uk/vendor/composer/ClassLoader.php(444): Illuminate\Foundation\Bootstrap\HandleExceptions->handleError(2, 'include(/home/f...', '/home/findfundd...', 444, Array)
#1 /home/findfunddeliver/Quickcarfinance.co.uk/vendor/composer/ClassLoader.php(444): include()
#2 /home/findfunddeliver/Quickcarfinance.co.uk/vendor/composer/ClassLoader.php(322): Composer\Autoload\includeFile('/home/findfundd...')
#3 [internal function]: Composer\Autoload\ClassLoader->loadClass('App\\Exceptions\\...')
#4 [internal function]: spl_autoload_call('App\\Exceptions\\...')
#5 /home/findfunddeliver/Quickcarfinance.co.uk/vendor/laravel/framework/src/Illuminate/Container/Container.php(774): ReflectionClass->__construct('App\\Except in /home/findfunddeliver/Quickcarfinance.co.uk/vendor/composer/ClassLoader.php on line 444
[02-Nov-2018 20:28:56 UTC] PHP Fatal error:  Uncaught ErrorException: include(/home/findfunddeliver/Quickcarfinance.co.uk/vendor/composer/../../app/Exceptions/Handler.php): failed to open stream: No such file or directory in /home/findfunddeliver/Quickcarfinance.co.uk/vendor/composer/ClassLoader.php:444
Stack trace:
#0 /home/findfunddeliver/Quickcarfinance.co.uk/vendor/composer/ClassLoader.php(444): Illuminate\Foundation\Bootstrap\HandleExceptions->handleError(2, 'include(/home/f...', '/home/findfundd...', 444, Array)
#1 /home/findfunddeliver/Quickcarfinance.co.uk/vendor/composer/ClassLoader.php(444): include()
#2 /home/findfunddeliver/Quickcarfinance.co.uk/vendor/composer/ClassLoader.php(322): Composer\Autoload\includeFile('/home/findfundd...')
#3 [internal function]: Composer\Autoload\ClassLoader->loadClass('App\\Exceptions\\...')
#4 [internal function]: spl_autoload_call('App\\Exceptions\\...')
#5 /home/findfunddeliver/Quickcarfinance.co.uk/vendor/laravel/framework/src/Illuminate/Container/Container.php(774): ReflectionClass->__construct('App\\Except in /home/findfunddeliver/Quickcarfinance.co.uk/vendor/composer/ClassLoader.php on line 444
[02-Nov-2018 20:28:56 UTC] PHP Fatal error:  Uncaught ErrorException: include(/home/findfunddeliver/Quickcarfinance.co.uk/vendor/composer/../../app/Exceptions/Handler.php): failed to open stream: No such file or directory in /home/findfunddeliver/Quickcarfinance.co.uk/vendor/composer/ClassLoader.php:444
Stack trace:
#0 /home/findfunddeliver/Quickcarfinance.co.uk/vendor/composer/ClassLoader.php(444): Illuminate\Foundation\Bootstrap\HandleExceptions->handleError(2, 'include(/home/f...', '/home/findfundd...', 444, Array)
#1 /home/findfunddeliver/Quickcarfinance.co.uk/vendor/composer/ClassLoader.php(444): include()
#2 /home/findfunddeliver/Quickcarfinance.co.uk/vendor/composer/ClassLoader.php(322): Composer\Autoload\includeFile('/home/findfundd...')
#3 [internal function]: Composer\Autoload\ClassLoader->loadClass('App\\Exceptions\\...')
#4 [internal function]: spl_autoload_call('App\\Exceptions\\...')
#5 /home/findfunddeliver/Quickcarfinance.co.uk/vendor/laravel/framework/src/Illuminate/Container/Container.php(774): ReflectionClass->__construct('App\\Except in /home/findfunddeliver/Quickcarfinance.co.uk/vendor/composer/ClassLoader.php on line 444
[02-Nov-2018 20:29:04 UTC] PHP Fatal error:  Uncaught ErrorException: include(/home/findfunddeliver/Quickcarfinance.co.uk/vendor/composer/../../app/Exceptions/Handler.php): failed to open stream: No such file or directory in /home/findfunddeliver/Quickcarfinance.co.uk/vendor/composer/ClassLoader.php:444
Stack trace:
#0 /home/findfunddeliver/Quickcarfinance.co.uk/vendor/composer/ClassLoader.php(444): Illuminate\Foundation\Bootstrap\HandleExceptions->handleError(2, 'include(/home/f...', '/home/findfundd...', 444, Array)
#1 /home/findfunddeliver/Quickcarfinance.co.uk/vendor/composer/ClassLoader.php(444): include()
#2 /home/findfunddeliver/Quickcarfinance.co.uk/vendor/composer/ClassLoader.php(322): Composer\Autoload\includeFile('/home/findfundd...')
#3 [internal function]: Composer\Autoload\ClassLoader->loadClass('App\\Exceptions\\...')
#4 [internal function]: spl_autoload_call('App\\Exceptions\\...')
#5 /home/findfunddeliver/Quickcarfinance.co.uk/vendor/laravel/framework/src/Illuminate/Container/Container.php(774): ReflectionClass->__construct('App\\Except in /home/findfunddeliver/Quickcarfinance.co.uk/vendor/composer/ClassLoader.php on line 444
[02-Nov-2018 20:29:04 UTC] PHP Fatal error:  Uncaught ErrorException: include(/home/findfunddeliver/Quickcarfinance.co.uk/vendor/composer/../../app/Exceptions/Handler.php): failed to open stream: No such file or directory in /home/findfunddeliver/Quickcarfinance.co.uk/vendor/composer/ClassLoader.php:444
Stack trace:
#0 /home/findfunddeliver/Quickcarfinance.co.uk/vendor/composer/ClassLoader.php(444): Illuminate\Foundation\Bootstrap\HandleExceptions->handleError(2, 'include(/home/f...', '/home/findfundd...', 444, Array)
#1 /home/findfunddeliver/Quickcarfinance.co.uk/vendor/composer/ClassLoader.php(444): include()
#2 /home/findfunddeliver/Quickcarfinance.co.uk/vendor/composer/ClassLoader.php(322): Composer\Autoload\includeFile('/home/findfundd...')
#3 [internal function]: Composer\Autoload\ClassLoader->loadClass('App\\Exceptions\\...')
#4 [internal function]: spl_autoload_call('App\\Exceptions\\...')
#5 /home/findfunddeliver/Quickcarfinance.co.uk/vendor/laravel/framework/src/Illuminate/Container/Container.php(774): ReflectionClass->__construct('App\\Except in /home/findfunddeliver/Quickcarfinance.co.uk/vendor/composer/ClassLoader.php on line 444
[02-Nov-2018 20:29:36 UTC] PHP Fatal error:  Uncaught ErrorException: include(/home/findfunddeliver/Quickcarfinance.co.uk/vendor/composer/../../app/Exceptions/Handler.php): failed to open stream: No such file or directory in /home/findfunddeliver/Quickcarfinance.co.uk/vendor/composer/ClassLoader.php:444
Stack trace:
#0 /home/findfunddeliver/Quickcarfinance.co.uk/vendor/composer/ClassLoader.php(444): Illuminate\Foundation\Bootstrap\HandleExceptions->handleError(2, 'include(/home/f...', '/home/findfundd...', 444, Array)
#1 /home/findfunddeliver/Quickcarfinance.co.uk/vendor/composer/ClassLoader.php(444): include()
#2 /home/findfunddeliver/Quickcarfinance.co.uk/vendor/composer/ClassLoader.php(322): Composer\Autoload\includeFile('/home/findfundd...')
#3 [internal function]: Composer\Autoload\ClassLoader->loadClass('App\\Exceptions\\...')
#4 [internal function]: spl_autoload_call('App\\Exceptions\\...')
#5 /home/findfunddeliver/Quickcarfinance.co.uk/vendor/laravel/framework/src/Illuminate/Container/Container.php(774): ReflectionClass->__construct('App\\Except in /home/findfunddeliver/Quickcarfinance.co.uk/vendor/composer/ClassLoader.php on line 444
[02-Nov-2018 20:29:36 UTC] PHP Fatal error:  Uncaught ErrorException: include(/home/findfunddeliver/Quickcarfinance.co.uk/vendor/composer/../../app/Exceptions/Handler.php): failed to open stream: No such file or directory in /home/findfunddeliver/Quickcarfinance.co.uk/vendor/composer/ClassLoader.php:444
Stack trace:
#0 /home/findfunddeliver/Quickcarfinance.co.uk/vendor/composer/ClassLoader.php(444): Illuminate\Foundation\Bootstrap\HandleExceptions->handleError(2, 'include(/home/f...', '/home/findfundd...', 444, Array)
#1 /home/findfunddeliver/Quickcarfinance.co.uk/vendor/composer/ClassLoader.php(444): include()
#2 /home/findfunddeliver/Quickcarfinance.co.uk/vendor/composer/ClassLoader.php(322): Composer\Autoload\includeFile('/home/findfundd...')
#3 [internal function]: Composer\Autoload\ClassLoader->loadClass('App\\Exceptions\\...')
#4 [internal function]: spl_autoload_call('App\\Exceptions\\...')
#5 /home/findfunddeliver/Quickcarfinance.co.uk/vendor/laravel/framework/src/Illuminate/Container/Container.php(774): ReflectionClass->__construct('App\\Except in /home/findfunddeliver/Quickcarfinance.co.uk/vendor/composer/ClassLoader.php on line 444
[02-Nov-2018 20:29:36 UTC] PHP Fatal error:  Uncaught ErrorException: include(/home/findfunddeliver/Quickcarfinance.co.uk/vendor/composer/../../app/Exceptions/Handler.php): failed to open stream: No such file or directory in /home/findfunddeliver/Quickcarfinance.co.uk/vendor/composer/ClassLoader.php:444
Stack trace:
#0 /home/findfunddeliver/Quickcarfinance.co.uk/vendor/composer/ClassLoader.php(444): Illuminate\Foundation\Bootstrap\HandleExceptions->handleError(2, 'include(/home/f...', '/home/findfundd...', 444, Array)
#1 /home/findfunddeliver/Quickcarfinance.co.uk/vendor/composer/ClassLoader.php(444): include()
#2 /home/findfunddeliver/Quickcarfinance.co.uk/vendor/composer/ClassLoader.php(322): Composer\Autoload\includeFile('/home/findfundd...')
#3 [internal function]: Composer\Autoload\ClassLoader->loadClass('App\\Exceptions\\...')
#4 [internal function]: spl_autoload_call('App\\Exceptions\\...')
#5 /home/findfunddeliver/Quickcarfinance.co.uk/vendor/laravel/framework/src/Illuminate/Container/Container.php(774): ReflectionClass->__construct('App\\Except in /home/findfunddeliver/Quickcarfinance.co.uk/vendor/composer/ClassLoader.php on line 444
[02-Nov-2018 20:29:36 UTC] PHP Fatal error:  Uncaught ErrorException: include(/home/findfunddeliver/Quickcarfinance.co.uk/vendor/composer/../../app/Exceptions/Handler.php): failed to open stream: No such file or directory in /home/findfunddeliver/Quickcarfinance.co.uk/vendor/composer/ClassLoader.php:444
Stack trace:
#0 /home/findfunddeliver/Quickcarfinance.co.uk/vendor/composer/ClassLoader.php(444): Illuminate\Foundation\Bootstrap\HandleExceptions->handleError(2, 'include(/home/f...', '/home/findfundd...', 444, Array)
#1 /home/findfunddeliver/Quickcarfinance.co.uk/vendor/composer/ClassLoader.php(444): include()
#2 /home/findfunddeliver/Quickcarfinance.co.uk/vendor/composer/ClassLoader.php(322): Composer\Autoload\includeFile('/home/findfundd...')
#3 [internal function]: Composer\Autoload\ClassLoader->loadClass('App\\Exceptions\\...')
#4 [internal function]: spl_autoload_call('App\\Exceptions\\...')
#5 /home/findfunddeliver/Quickcarfinance.co.uk/vendor/laravel/framework/src/Illuminate/Container/Container.php(774): ReflectionClass->__construct('App\\Except in /home/findfunddeliver/Quickcarfinance.co.uk/vendor/composer/ClassLoader.php on line 444
[02-Nov-2018 20:29:38 UTC] PHP Fatal error:  Uncaught ErrorException: include(/home/findfunddeliver/Quickcarfinance.co.uk/vendor/composer/../../app/Exceptions/Handler.php): failed to open stream: No such file or directory in /home/findfunddeliver/Quickcarfinance.co.uk/vendor/composer/ClassLoader.php:444
Stack trace:
#0 /home/findfunddeliver/Quickcarfinance.co.uk/vendor/composer/ClassLoader.php(444): Illuminate\Foundation\Bootstrap\HandleExceptions->handleError(2, 'include(/home/f...', '/home/findfundd...', 444, Array)
#1 /home/findfunddeliver/Quickcarfinance.co.uk/vendor/composer/ClassLoader.php(444): include()
#2 /home/findfunddeliver/Quickcarfinance.co.uk/vendor/composer/ClassLoader.php(322): Composer\Autoload\includeFile('/home/findfundd...')
#3 [internal function]: Composer\Autoload\ClassLoader->loadClass('App\\Exceptions\\...')
#4 [internal function]: spl_autoload_call('App\\Exceptions\\...')
#5 /home/findfunddeliver/Quickcarfinance.co.uk/vendor/laravel/framework/src/Illuminate/Container/Container.php(774): ReflectionClass->__construct('App\\Except in /home/findfunddeliver/Quickcarfinance.co.uk/vendor/composer/ClassLoader.php on line 444
[02-Nov-2018 20:29:38 UTC] PHP Fatal error:  Uncaught ErrorException: include(/home/findfunddeliver/Quickcarfinance.co.uk/vendor/composer/../../app/Exceptions/Handler.php): failed to open stream: No such file or directory in /home/findfunddeliver/Quickcarfinance.co.uk/vendor/composer/ClassLoader.php:444
Stack trace:
#0 /home/findfunddeliver/Quickcarfinance.co.uk/vendor/composer/ClassLoader.php(444): Illuminate\Foundation\Bootstrap\HandleExceptions->handleError(2, 'include(/home/f...', '/home/findfundd...', 444, Array)
#1 /home/findfunddeliver/Quickcarfinance.co.uk/vendor/composer/ClassLoader.php(444): include()
#2 /home/findfunddeliver/Quickcarfinance.co.uk/vendor/composer/ClassLoader.php(322): Composer\Autoload\includeFile('/home/findfundd...')
#3 [internal function]: Composer\Autoload\ClassLoader->loadClass('App\\Exceptions\\...')
#4 [internal function]: spl_autoload_call('App\\Exceptions\\...')
#5 /home/findfunddeliver/Quickcarfinance.co.uk/vendor/laravel/framework/src/Illuminate/Container/Container.php(774): ReflectionClass->__construct('App\\Except in /home/findfunddeliver/Quickcarfinance.co.uk/vendor/composer/ClassLoader.php on line 444
[02-Nov-2018 20:29:43 UTC] PHP Fatal error:  Uncaught ErrorException: include(/home/findfunddeliver/Quickcarfinance.co.uk/vendor/composer/../../app/Exceptions/Handler.php): failed to open stream: No such file or directory in /home/findfunddeliver/Quickcarfinance.co.uk/vendor/composer/ClassLoader.php:444
Stack trace:
#0 /home/findfunddeliver/Quickcarfinance.co.uk/vendor/composer/ClassLoader.php(444): Illuminate\Foundation\Bootstrap\HandleExceptions->handleError(2, 'include(/home/f...', '/home/findfundd...', 444, Array)
#1 /home/findfunddeliver/Quickcarfinance.co.uk/vendor/composer/ClassLoader.php(444): include()
#2 /home/findfunddeliver/Quickcarfinance.co.uk/vendor/composer/ClassLoader.php(322): Composer\Autoload\includeFile('/home/findfundd...')
#3 [internal function]: Composer\Autoload\ClassLoader->loadClass('App\\Exceptions\\...')
#4 [internal function]: spl_autoload_call('App\\Exceptions\\...')
#5 /home/findfunddeliver/Quickcarfinance.co.uk/vendor/laravel/framework/src/Illuminate/Container/Container.php(774): ReflectionClass->__construct('App\\Except in /home/findfunddeliver/Quickcarfinance.co.uk/vendor/composer/ClassLoader.php on line 444
[02-Nov-2018 20:29:43 UTC] PHP Fatal error:  Uncaught ErrorException: include(/home/findfunddeliver/Quickcarfinance.co.uk/vendor/composer/../../app/Exceptions/Handler.php): failed to open stream: No such file or directory in /home/findfunddeliver/Quickcarfinance.co.uk/vendor/composer/ClassLoader.php:444
Stack trace:
#0 /home/findfunddeliver/Quickcarfinance.co.uk/vendor/composer/ClassLoader.php(444): Illuminate\Foundation\Bootstrap\HandleExceptions->handleError(2, 'include(/home/f...', '/home/findfundd...', 444, Array)
#1 /home/findfunddeliver/Quickcarfinance.co.uk/vendor/composer/ClassLoader.php(444): include()
#2 /home/findfunddeliver/Quickcarfinance.co.uk/vendor/composer/ClassLoader.php(322): Composer\Autoload\includeFile('/home/findfundd...')
#3 [internal function]: Composer\Autoload\ClassLoader->loadClass('App\\Exceptions\\...')
#4 [internal function]: spl_autoload_call('App\\Exceptions\\...')
#5 /home/findfunddeliver/Quickcarfinance.co.uk/vendor/laravel/framework/src/Illuminate/Container/Container.php(774): ReflectionClass->__construct('App\\Except in /home/findfunddeliver/Quickcarfinance.co.uk/vendor/composer/ClassLoader.php on line 444
[02-Nov-2018 20:29:46 UTC] PHP Fatal error:  Uncaught ErrorException: include(/home/findfunddeliver/Quickcarfinance.co.uk/vendor/composer/../../app/Exceptions/Handler.php): failed to open stream: No such file or directory in /home/findfunddeliver/Quickcarfinance.co.uk/vendor/composer/ClassLoader.php:444
Stack trace:
#0 /home/findfunddeliver/Quickcarfinance.co.uk/vendor/composer/ClassLoader.php(444): Illuminate\Foundation\Bootstrap\HandleExceptions->handleError(2, 'include(/home/f...', '/home/findfundd...', 444, Array)
#1 /home/findfunddeliver/Quickcarfinance.co.uk/vendor/composer/ClassLoader.php(444): include()
#2 /home/findfunddeliver/Quickcarfinance.co.uk/vendor/composer/ClassLoader.php(322): Composer\Autoload\includeFile('/home/findfundd...')
#3 [internal function]: Composer\Autoload\ClassLoader->loadClass('App\\Exceptions\\...')
#4 [internal function]: spl_autoload_call('App\\Exceptions\\...')
#5 /home/findfunddeliver/Quickcarfinance.co.uk/vendor/laravel/framework/src/Illuminate/Container/Container.php(774): ReflectionClass->__construct('App\\Except in /home/findfunddeliver/Quickcarfinance.co.uk/vendor/composer/ClassLoader.php on line 444
[02-Nov-2018 20:29:46 UTC] PHP Fatal error:  Uncaught ErrorException: include(/home/findfunddeliver/Quickcarfinance.co.uk/vendor/composer/../../app/Exceptions/Handler.php): failed to open stream: No such file or directory in /home/findfunddeliver/Quickcarfinance.co.uk/vendor/composer/ClassLoader.php:444
Stack trace:
#0 /home/findfunddeliver/Quickcarfinance.co.uk/vendor/composer/ClassLoader.php(444): Illuminate\Foundation\Bootstrap\HandleExceptions->handleError(2, 'include(/home/f...', '/home/findfundd...', 444, Array)
#1 /home/findfunddeliver/Quickcarfinance.co.uk/vendor/composer/ClassLoader.php(444): include()
#2 /home/findfunddeliver/Quickcarfinance.co.uk/vendor/composer/ClassLoader.php(322): Composer\Autoload\includeFile('/home/findfundd...')
#3 [internal function]: Composer\Autoload\ClassLoader->loadClass('App\\Exceptions\\...')
#4 [internal function]: spl_autoload_call('App\\Exceptions\\...')
#5 /home/findfunddeliver/Quickcarfinance.co.uk/vendor/laravel/framework/src/Illuminate/Container/Container.php(774): ReflectionClass->__construct('App\\Except in /home/findfunddeliver/Quickcarfinance.co.uk/vendor/composer/ClassLoader.php on line 444
[02-Nov-2018 20:29:48 UTC] PHP Fatal error:  Uncaught ErrorException: include(/home/findfunddeliver/Quickcarfinance.co.uk/vendor/composer/../../app/Exceptions/Handler.php): failed to open stream: No such file or directory in /home/findfunddeliver/Quickcarfinance.co.uk/vendor/composer/ClassLoader.php:444
Stack trace:
#0 /home/findfunddeliver/Quickcarfinance.co.uk/vendor/composer/ClassLoader.php(444): Illuminate\Foundation\Bootstrap\HandleExceptions->handleError(2, 'include(/home/f...', '/home/findfundd...', 444, Array)
#1 /home/findfunddeliver/Quickcarfinance.co.uk/vendor/composer/ClassLoader.php(444): include()
#2 /home/findfunddeliver/Quickcarfinance.co.uk/vendor/composer/ClassLoader.php(322): Composer\Autoload\includeFile('/home/findfundd...')
#3 [internal function]: Composer\Autoload\ClassLoader->loadClass('App\\Exceptions\\...')
#4 [internal function]: spl_autoload_call('App\\Exceptions\\...')
#5 /home/findfunddeliver/Quickcarfinance.co.uk/vendor/laravel/framework/src/Illuminate/Container/Container.php(774): ReflectionClass->__construct('App\\Except in /home/findfunddeliver/Quickcarfinance.co.uk/vendor/composer/ClassLoader.php on line 444
[02-Nov-2018 20:29:48 UTC] PHP Fatal error:  Uncaught ErrorException: include(/home/findfunddeliver/Quickcarfinance.co.uk/vendor/composer/../../app/Exceptions/Handler.php): failed to open stream: No such file or directory in /home/findfunddeliver/Quickcarfinance.co.uk/vendor/composer/ClassLoader.php:444
Stack trace:
#0 /home/findfunddeliver/Quickcarfinance.co.uk/vendor/composer/ClassLoader.php(444): Illuminate\Foundation\Bootstrap\HandleExceptions->handleError(2, 'include(/home/f...', '/home/findfundd...', 444, Array)
#1 /home/findfunddeliver/Quickcarfinance.co.uk/vendor/composer/ClassLoader.php(444): include()
#2 /home/findfunddeliver/Quickcarfinance.co.uk/vendor/composer/ClassLoader.php(322): Composer\Autoload\includeFile('/home/findfundd...')
#3 [internal function]: Composer\Autoload\ClassLoader->loadClass('App\\Exceptions\\...')
#4 [internal function]: spl_autoload_call('App\\Exceptions\\...')
#5 /home/findfunddeliver/Quickcarfinance.co.uk/vendor/laravel/framework/src/Illuminate/Container/Container.php(774): ReflectionClass->__construct('App\\Except in /home/findfunddeliver/Quickcarfinance.co.uk/vendor/composer/ClassLoader.php on line 444
[02-Nov-2018 20:29:53 UTC] PHP Fatal error:  Uncaught ErrorException: include(/home/findfunddeliver/Quickcarfinance.co.uk/vendor/composer/../../app/Exceptions/Handler.php): failed to open stream: No such file or directory in /home/findfunddeliver/Quickcarfinance.co.uk/vendor/composer/ClassLoader.php:444
Stack trace:
#0 /home/findfunddeliver/Quickcarfinance.co.uk/vendor/composer/ClassLoader.php(444): Illuminate\Foundation\Bootstrap\HandleExceptions->handleError(2, 'include(/home/f...', '/home/findfundd...', 444, Array)
#1 /home/findfunddeliver/Quickcarfinance.co.uk/vendor/composer/ClassLoader.php(444): include()
#2 /home/findfunddeliver/Quickcarfinance.co.uk/vendor/composer/ClassLoader.php(322): Composer\Autoload\includeFile('/home/findfundd...')
#3 [internal function]: Composer\Autoload\ClassLoader->loadClass('App\\Exceptions\\...')
#4 [internal function]: spl_autoload_call('App\\Exceptions\\...')
#5 /home/findfunddeliver/Quickcarfinance.co.uk/vendor/laravel/framework/src/Illuminate/Container/Container.php(774): ReflectionClass->__construct('App\\Except in /home/findfunddeliver/Quickcarfinance.co.uk/vendor/composer/ClassLoader.php on line 444
[02-Nov-2018 20:29:53 UTC] PHP Fatal error:  Uncaught ErrorException: include(/home/findfunddeliver/Quickcarfinance.co.uk/vendor/composer/../../app/Exceptions/Handler.php): failed to open stream: No such file or directory in /home/findfunddeliver/Quickcarfinance.co.uk/vendor/composer/ClassLoader.php:444
Stack trace:
#0 /home/findfunddeliver/Quickcarfinance.co.uk/vendor/composer/ClassLoader.php(444): Illuminate\Foundation\Bootstrap\HandleExceptions->handleError(2, 'include(/home/f...', '/home/findfundd...', 444, Array)
#1 /home/findfunddeliver/Quickcarfinance.co.uk/vendor/composer/ClassLoader.php(444): include()
#2 /home/findfunddeliver/Quickcarfinance.co.uk/vendor/composer/ClassLoader.php(322): Composer\Autoload\includeFile('/home/findfundd...')
#3 [internal function]: Composer\Autoload\ClassLoader->loadClass('App\\Exceptions\\...')
#4 [internal function]: spl_autoload_call('App\\Exceptions\\...')
#5 /home/findfunddeliver/Quickcarfinance.co.uk/vendor/laravel/framework/src/Illuminate/Container/Container.php(774): ReflectionClass->__construct('App\\Except in /home/findfunddeliver/Quickcarfinance.co.uk/vendor/composer/ClassLoader.php on line 444
[02-Nov-2018 20:29:55 UTC] PHP Fatal error:  Uncaught ErrorException: include(/home/findfunddeliver/Quickcarfinance.co.uk/vendor/composer/../../app/Exceptions/Handler.php): failed to open stream: No such file or directory in /home/findfunddeliver/Quickcarfinance.co.uk/vendor/composer/ClassLoader.php:444
Stack trace:
#0 /home/findfunddeliver/Quickcarfinance.co.uk/vendor/composer/ClassLoader.php(444): Illuminate\Foundation\Bootstrap\HandleExceptions->handleError(2, 'include(/home/f...', '/home/findfundd...', 444, Array)
#1 /home/findfunddeliver/Quickcarfinance.co.uk/vendor/composer/ClassLoader.php(444): include()
#2 /home/findfunddeliver/Quickcarfinance.co.uk/vendor/composer/ClassLoader.php(322): Composer\Autoload\includeFile('/home/findfundd...')
#3 [internal function]: Composer\Autoload\ClassLoader->loadClass('App\\Exceptions\\...')
#4 [internal function]: spl_autoload_call('App\\Exceptions\\...')
#5 /home/findfunddeliver/Quickcarfinance.co.uk/vendor/laravel/framework/src/Illuminate/Container/Container.php(774): ReflectionClass->__construct('App\\Except in /home/findfunddeliver/Quickcarfinance.co.uk/vendor/composer/ClassLoader.php on line 444
[02-Nov-2018 20:29:55 UTC] PHP Fatal error:  Uncaught ErrorException: include(/home/findfunddeliver/Quickcarfinance.co.uk/vendor/composer/../../app/Exceptions/Handler.php): failed to open stream: No such file or directory in /home/findfunddeliver/Quickcarfinance.co.uk/vendor/composer/ClassLoader.php:444
Stack trace:
#0 /home/findfunddeliver/Quickcarfinance.co.uk/vendor/composer/ClassLoader.php(444): Illuminate\Foundation\Bootstrap\HandleExceptions->handleError(2, 'include(/home/f...', '/home/findfundd...', 444, Array)
#1 /home/findfunddeliver/Quickcarfinance.co.uk/vendor/composer/ClassLoader.php(444): include()
#2 /home/findfunddeliver/Quickcarfinance.co.uk/vendor/composer/ClassLoader.php(322): Composer\Autoload\includeFile('/home/findfundd...')
#3 [internal function]: Composer\Autoload\ClassLoader->loadClass('App\\Exceptions\\...')
#4 [internal function]: spl_autoload_call('App\\Exceptions\\...')
#5 /home/findfunddeliver/Quickcarfinance.co.uk/vendor/laravel/framework/src/Illuminate/Container/Container.php(774): ReflectionClass->__construct('App\\Except in /home/findfunddeliver/Quickcarfinance.co.uk/vendor/composer/ClassLoader.php on line 444
[02-Nov-2018 20:29:57 UTC] PHP Fatal error:  Uncaught ErrorException: include(/home/findfunddeliver/Quickcarfinance.co.uk/vendor/composer/../../app/Exceptions/Handler.php): failed to open stream: No such file or directory in /home/findfunddeliver/Quickcarfinance.co.uk/vendor/composer/ClassLoader.php:444
Stack trace:
#0 /home/findfunddeliver/Quickcarfinance.co.uk/vendor/composer/ClassLoader.php(444): Illuminate\Foundation\Bootstrap\HandleExceptions->handleError(2, 'include(/home/f...', '/home/findfundd...', 444, Array)
#1 /home/findfunddeliver/Quickcarfinance.co.uk/vendor/composer/ClassLoader.php(444): include()
#2 /home/findfunddeliver/Quickcarfinance.co.uk/vendor/composer/ClassLoader.php(322): Composer\Autoload\includeFile('/home/findfundd...')
#3 [internal function]: Composer\Autoload\ClassLoader->loadClass('App\\Exceptions\\...')
#4 [internal function]: spl_autoload_call('App\\Exceptions\\...')
#5 /home/findfunddeliver/Quickcarfinance.co.uk/vendor/laravel/framework/src/Illuminate/Container/Container.php(774): ReflectionClass->__construct('App\\Except in /home/findfunddeliver/Quickcarfinance.co.uk/vendor/composer/ClassLoader.php on line 444
[02-Nov-2018 20:29:57 UTC] PHP Fatal error:  Uncaught ErrorException: include(/home/findfunddeliver/Quickcarfinance.co.uk/vendor/composer/../../app/Exceptions/Handler.php): failed to open stream: No such file or directory in /home/findfunddeliver/Quickcarfinance.co.uk/vendor/composer/ClassLoader.php:444
Stack trace:
#0 /home/findfunddeliver/Quickcarfinance.co.uk/vendor/composer/ClassLoader.php(444): Illuminate\Foundation\Bootstrap\HandleExceptions->handleError(2, 'include(/home/f...', '/home/findfundd...', 444, Array)
#1 /home/findfunddeliver/Quickcarfinance.co.uk/vendor/composer/ClassLoader.php(444): include()
#2 /home/findfunddeliver/Quickcarfinance.co.uk/vendor/composer/ClassLoader.php(322): Composer\Autoload\includeFile('/home/findfundd...')
#3 [internal function]: Composer\Autoload\ClassLoader->loadClass('App\\Exceptions\\...')
#4 [internal function]: spl_autoload_call('App\\Exceptions\\...')
#5 /home/findfunddeliver/Quickcarfinance.co.uk/vendor/laravel/framework/src/Illuminate/Container/Container.php(774): ReflectionClass->__construct('App\\Except in /home/findfunddeliver/Quickcarfinance.co.uk/vendor/composer/ClassLoader.php on line 444
[02-Nov-2018 20:29:58 UTC] PHP Fatal error:  Uncaught ErrorException: include(/home/findfunddeliver/Quickcarfinance.co.uk/vendor/composer/../../app/Exceptions/Handler.php): failed to open stream: No such file or directory in /home/findfunddeliver/Quickcarfinance.co.uk/vendor/composer/ClassLoader.php:444
Stack trace:
#0 /home/findfunddeliver/Quickcarfinance.co.uk/vendor/composer/ClassLoader.php(444): Illuminate\Foundation\Bootstrap\HandleExceptions->handleError(2, 'include(/home/f...', '/home/findfundd...', 444, Array)
#1 /home/findfunddeliver/Quickcarfinance.co.uk/vendor/composer/ClassLoader.php(444): include()
#2 /home/findfunddeliver/Quickcarfinance.co.uk/vendor/composer/ClassLoader.php(322): Composer\Autoload\includeFile('/home/findfundd...')
#3 [internal function]: Composer\Autoload\ClassLoader->loadClass('App\\Exceptions\\...')
#4 [internal function]: spl_autoload_call('App\\Exceptions\\...')
#5 /home/findfunddeliver/Quickcarfinance.co.uk/vendor/laravel/framework/src/Illuminate/Container/Container.php(774): ReflectionClass->__construct('App\\Except in /home/findfunddeliver/Quickcarfinance.co.uk/vendor/composer/ClassLoader.php on line 444
[02-Nov-2018 20:29:58 UTC] PHP Fatal error:  Uncaught ErrorException: include(/home/findfunddeliver/Quickcarfinance.co.uk/vendor/composer/../../app/Exceptions/Handler.php): failed to open stream: No such file or directory in /home/findfunddeliver/Quickcarfinance.co.uk/vendor/composer/ClassLoader.php:444
Stack trace:
#0 /home/findfunddeliver/Quickcarfinance.co.uk/vendor/composer/ClassLoader.php(444): Illuminate\Foundation\Bootstrap\HandleExceptions->handleError(2, 'include(/home/f...', '/home/findfundd...', 444, Array)
#1 /home/findfunddeliver/Quickcarfinance.co.uk/vendor/composer/ClassLoader.php(444): include()
#2 /home/findfunddeliver/Quickcarfinance.co.uk/vendor/composer/ClassLoader.php(322): Composer\Autoload\includeFile('/home/findfundd...')
#3 [internal function]: Composer\Autoload\ClassLoader->loadClass('App\\Exceptions\\...')
#4 [internal function]: spl_autoload_call('App\\Exceptions\\...')
#5 /home/findfunddeliver/Quickcarfinance.co.uk/vendor/laravel/framework/src/Illuminate/Container/Container.php(774): ReflectionClass->__construct('App\\Except in /home/findfunddeliver/Quickcarfinance.co.uk/vendor/composer/ClassLoader.php on line 444
[02-Nov-2018 20:29:59 UTC] PHP Fatal error:  Uncaught ErrorException: include(/home/findfunddeliver/Quickcarfinance.co.uk/vendor/composer/../../app/Exceptions/Handler.php): failed to open stream: No such file or directory in /home/findfunddeliver/Quickcarfinance.co.uk/vendor/composer/ClassLoader.php:444
Stack trace:
#0 /home/findfunddeliver/Quickcarfinance.co.uk/vendor/composer/ClassLoader.php(444): Illuminate\Foundation\Bootstrap\HandleExceptions->handleError(2, 'include(/home/f...', '/home/findfundd...', 444, Array)
#1 /home/findfunddeliver/Quickcarfinance.co.uk/vendor/composer/ClassLoader.php(444): include()
#2 /home/findfunddeliver/Quickcarfinance.co.uk/vendor/composer/ClassLoader.php(322): Composer\Autoload\includeFile('/home/findfundd...')
#3 [internal function]: Composer\Autoload\ClassLoader->loadClass('App\\Exceptions\\...')
#4 [internal function]: spl_autoload_call('App\\Exceptions\\...')
#5 /home/findfunddeliver/Quickcarfinance.co.uk/vendor/laravel/framework/src/Illuminate/Container/Container.php(774): ReflectionClass->__construct('App\\Except in /home/findfunddeliver/Quickcarfinance.co.uk/vendor/composer/ClassLoader.php on line 444
[02-Nov-2018 20:29:59 UTC] PHP Fatal error:  Uncaught ErrorException: include(/home/findfunddeliver/Quickcarfinance.co.uk/vendor/composer/../../app/Exceptions/Handler.php): failed to open stream: No such file or directory in /home/findfunddeliver/Quickcarfinance.co.uk/vendor/composer/ClassLoader.php:444
Stack trace:
#0 /home/findfunddeliver/Quickcarfinance.co.uk/vendor/composer/ClassLoader.php(444): Illuminate\Foundation\Bootstrap\HandleExceptions->handleError(2, 'include(/home/f...', '/home/findfundd...', 444, Array)
#1 /home/findfunddeliver/Quickcarfinance.co.uk/vendor/composer/ClassLoader.php(444): include()
#2 /home/findfunddeliver/Quickcarfinance.co.uk/vendor/composer/ClassLoader.php(322): Composer\Autoload\includeFile('/home/findfundd...')
#3 [internal function]: Composer\Autoload\ClassLoader->loadClass('App\\Exceptions\\...')
#4 [internal function]: spl_autoload_call('App\\Exceptions\\...')
#5 /home/findfunddeliver/Quickcarfinance.co.uk/vendor/laravel/framework/src/Illuminate/Container/Container.php(774): ReflectionClass->__construct('App\\Except in /home/findfunddeliver/Quickcarfinance.co.uk/vendor/composer/ClassLoader.php on line 444
[02-Nov-2018 20:30:10 UTC] PHP Fatal error:  Uncaught ErrorException: include(/home/findfunddeliver/Quickcarfinance.co.uk/vendor/composer/../../app/Exceptions/Handler.php): failed to open stream: No such file or directory in /home/findfunddeliver/Quickcarfinance.co.uk/vendor/composer/ClassLoader.php:444
Stack trace:
#0 /home/findfunddeliver/Quickcarfinance.co.uk/vendor/composer/ClassLoader.php(444): Illuminate\Foundation\Bootstrap\HandleExceptions->handleError(2, 'include(/home/f...', '/home/findfundd...', 444, Array)
#1 /home/findfunddeliver/Quickcarfinance.co.uk/vendor/composer/ClassLoader.php(444): include()
#2 /home/findfunddeliver/Quickcarfinance.co.uk/vendor/composer/ClassLoader.php(322): Composer\Autoload\includeFile('/home/findfundd...')
#3 [internal function]: Composer\Autoload\ClassLoader->loadClass('App\\Exceptions\\...')
#4 [internal function]: spl_autoload_call('App\\Exceptions\\...')
#5 /home/findfunddeliver/Quickcarfinance.co.uk/vendor/laravel/framework/src/Illuminate/Container/Container.php(774): ReflectionClass->__construct('App\\Except in /home/findfunddeliver/Quickcarfinance.co.uk/vendor/composer/ClassLoader.php on line 444
[02-Nov-2018 20:30:10 UTC] PHP Fatal error:  Uncaught ErrorException: include(/home/findfunddeliver/Quickcarfinance.co.uk/vendor/composer/../../app/Exceptions/Handler.php): failed to open stream: No such file or directory in /home/findfunddeliver/Quickcarfinance.co.uk/vendor/composer/ClassLoader.php:444
Stack trace:
#0 /home/findfunddeliver/Quickcarfinance.co.uk/vendor/composer/ClassLoader.php(444): Illuminate\Foundation\Bootstrap\HandleExceptions->handleError(2, 'include(/home/f...', '/home/findfundd...', 444, Array)
#1 /home/findfunddeliver/Quickcarfinance.co.uk/vendor/composer/ClassLoader.php(444): include()
#2 /home/findfunddeliver/Quickcarfinance.co.uk/vendor/composer/ClassLoader.php(322): Composer\Autoload\includeFile('/home/findfundd...')
#3 [internal function]: Composer\Autoload\ClassLoader->loadClass('App\\Exceptions\\...')
#4 [internal function]: spl_autoload_call('App\\Exceptions\\...')
#5 /home/findfunddeliver/Quickcarfinance.co.uk/vendor/laravel/framework/src/Illuminate/Container/Container.php(774): ReflectionClass->__construct('App\\Except in /home/findfunddeliver/Quickcarfinance.co.uk/vendor/composer/ClassLoader.php on line 444
[02-Nov-2018 20:30:42 UTC] PHP Fatal error:  Uncaught ErrorException: include(/home/findfunddeliver/Quickcarfinance.co.uk/vendor/composer/../../app/Exceptions/Handler.php): failed to open stream: No such file or directory in /home/findfunddeliver/Quickcarfinance.co.uk/vendor/composer/ClassLoader.php:444
Stack trace:
#0 /home/findfunddeliver/Quickcarfinance.co.uk/vendor/composer/ClassLoader.php(444): Illuminate\Foundation\Bootstrap\HandleExceptions->handleError(2, 'include(/home/f...', '/home/findfundd...', 444, Array)
#1 /home/findfunddeliver/Quickcarfinance.co.uk/vendor/composer/ClassLoader.php(444): include()
#2 /home/findfunddeliver/Quickcarfinance.co.uk/vendor/composer/ClassLoader.php(322): Composer\Autoload\includeFile('/home/findfundd...')
#3 [internal function]: Composer\Autoload\ClassLoader->loadClass('App\\Exceptions\\...')
#4 [internal function]: spl_autoload_call('App\\Exceptions\\...')
#5 /home/findfunddeliver/Quickcarfinance.co.uk/vendor/laravel/framework/src/Illuminate/Container/Container.php(774): ReflectionClass->__construct('App\\Except in /home/findfunddeliver/Quickcarfinance.co.uk/vendor/composer/ClassLoader.php on line 444
[02-Nov-2018 20:30:42 UTC] PHP Fatal error:  Uncaught ErrorException: include(/home/findfunddeliver/Quickcarfinance.co.uk/vendor/composer/../../app/Exceptions/Handler.php): failed to open stream: No such file or directory in /home/findfunddeliver/Quickcarfinance.co.uk/vendor/composer/ClassLoader.php:444
Stack trace:
#0 /home/findfunddeliver/Quickcarfinance.co.uk/vendor/composer/ClassLoader.php(444): Illuminate\Foundation\Bootstrap\HandleExceptions->handleError(2, 'include(/home/f...', '/home/findfundd...', 444, Array)
#1 /home/findfunddeliver/Quickcarfinance.co.uk/vendor/composer/ClassLoader.php(444): include()
#2 /home/findfunddeliver/Quickcarfinance.co.uk/vendor/composer/ClassLoader.php(322): Composer\Autoload\includeFile('/home/findfundd...')
#3 [internal function]: Composer\Autoload\ClassLoader->loadClass('App\\Exceptions\\...')
#4 [internal function]: spl_autoload_call('App\\Exceptions\\...')
#5 /home/findfunddeliver/Quickcarfinance.co.uk/vendor/laravel/framework/src/Illuminate/Container/Container.php(774): ReflectionClass->__construct('App\\Except in /home/findfunddeliver/Quickcarfinance.co.uk/vendor/composer/ClassLoader.php on line 444
[10-Nov-2018 19:45:33 UTC] PHP Fatal error:  Trait 'App\Http\Controllers\Auth\SendsPasswordResetEmails' not found in /home/findfunddeliver/Quickcarfinance.co.uk/app/Http/Controllers/Auth/ForgotPasswordController.php on line 21
[16-Nov-2018 15:57:05 UTC] PHP Fatal error:  Cannot use App\Calculator as Calculator because the name is already in use in /home/findfunddeliver/Quickcarfinance.co.uk/app/Http/Controllers/homePageController.php on line 8
[01-Dec-2018 19:29:52 UTC] PHP Fatal error:  Cannot redeclare App\Http\Controllers\UserReportsController::uploadDocuments() in /home/findfunddeliver/Quickcarfinance.co.uk/app/Http/Controllers/UserReportsController.php on line 40
[01-Dec-2018 19:30:46 UTC] PHP Fatal error:  Cannot redeclare App\Http\Controllers\UserReportsController::uploadDocuments() in /home/findfunddeliver/Quickcarfinance.co.uk/app/Http/Controllers/UserReportsController.php on line 40
